{"name": "Verify Creation of Cycle", "status": "broken", "statusDetails": {"message": "selenium.common.exceptions.NoSuchElementException: Message: no such element: Unable to locate element: {\"method\":\"xpath\",\"selector\":\"//*[text()=\"cycle2\"]\"}\n  (Session info: chrome=118.0.5993.118); For documentation on this error, please visit: https://www.selenium.dev/documentation/webdriver/troubleshooting/errors#no-such-element-exception\nStacktrace:\n\tGetHandleVerifier [0x00007FF711808EF2+54786]\n\t(No symbol) [0x00007FF711775612]\n\t(No symbol) [0x00007FF71162A64B]\n\t(No symbol) [0x00007FF71166B79C]\n\t(No symbol) [0x00007FF71166B91C]\n\t(No symbol) [0x00007FF7116A6D87]\n\t(No symbol) [0x00007FF71168BEAF]\n\t(No symbol) [0x00007FF7116A4D02]\n\t(No symbol) [0x00007FF71168BC43]\n\t(No symbol) [0x00007FF711660941]\n\t(No symbol) [0x00007FF711661B84]\n\tGetHandleVerifier [0x00007FF711B57F52+3524194]\n\tGetHandleVerifier [0x00007FF711BAD800+3874576]\n\tGetHandleVerifier [0x00007FF711BA5D7F+3843215]\n\tGetHandleVerifier [0x00007FF7118A5086+694166]\n\t(No symbol) [0x00007FF711780A88]\n\t(No symbol) [0x00007FF71177CA94]\n\t(No symbol) [0x00007FF71177CBC2]\n\t(No symbol) [0x00007FF71176CC83]\n\tBaseThreadInitThunk [0x00007FF9623653E0+16]\n\tRtlUserThreadStart [0x00007FF96374485B+43]\n\n", "trace": "  File \"C:\\Users\\Talha Rasheed Bhatti\\IdeaProjects\\test_lab\\venv\\Lib\\site-packages\\behave\\model.py\", line 1329, in run\n    match.run(runner.context)\n  File \"C:\\Users\\Talha Rasheed Bhatti\\IdeaProjects\\test_lab\\venv\\Lib\\site-packages\\behave\\matchers.py\", line 98, in run\n    self.func(context, *args, **kwargs)\n  File \"test_case01\\features\\steps\\vcf_test.py\", line 29, in verification1\n    object_cycle2.verify_cycle1()\n  File \"C:\\Users\\Talha Rasheed Bhatti\\IdeaProjects\\test_lab\\test_case01\\features\\steps\\vcf_pom.py\", line 51, in verify_cycle1\n    ver = self.driver.find_element(By.XPATH, '//*[text()=\"cycle2\"]').text\n          ^^^^^^^^^^^^^^^^^^^^^^^^^^^^^^^^^^^^^^^^^^^^^^^^^^^^^^^^^^\n  File \"C:\\Users\\Talha Rasheed Bhatti\\IdeaProjects\\test_lab\\venv\\Lib\\site-packages\\selenium\\webdriver\\remote\\webdriver.py\", line 738, in find_element\n    return self.execute(Command.FIND_ELEMENT, {\"using\": by, \"value\": value})[\"value\"]\n           ^^^^^^^^^^^^^^^^^^^^^^^^^^^^^^^^^^^^^^^^^^^^^^^^^^^^^^^^^^^^^^^^^\n  File \"C:\\Users\\Talha Rasheed Bhatti\\IdeaProjects\\test_lab\\venv\\Lib\\site-packages\\selenium\\webdriver\\remote\\webdriver.py\", line 344, in execute\n    self.error_handler.check_response(response)\n  File \"C:\\Users\\Talha Rasheed Bhatti\\IdeaProjects\\test_lab\\venv\\Lib\\site-packages\\selenium\\webdriver\\remote\\errorhandler.py\", line 229, in check_response\n    raise exception_class(message, screen, stacktrace)\n"}, "steps": [{"name": "Given launch chrome and Visit Url", "status": "passed", "start": 1698744310589, "stop": 1698744313686}, {"name": "When Screen Creation by using valid login credentials", "status": "passed", "start": 1698744313687, "stop": 1698744335794}, {"name": "And Creating first cycle by filling required fields", "status": "passed", "start": 1698744335794, "stop": 1698744348572}, {"name": "And Verify Cycle1 created is available", "status": "broken", "statusDetails": {"message": "selenium.common.exceptions.NoSuchElementException: Message: no such element: Unable to locate element: {\"method\":\"xpath\",\"selector\":\"//*[text()=\"cycle2\"]\"}\n  (Session info: chrome=118.0.5993.118); For documentation on this error, please visit: https://www.selenium.dev/documentation/webdriver/troubleshooting/errors#no-such-element-exception\nStacktrace:\n\tGetHandleVerifier [0x00007FF711808EF2+54786]\n\t(No symbol) [0x00007FF711775612]\n\t(No symbol) [0x00007FF71162A64B]\n\t(No symbol) [0x00007FF71166B79C]\n\t(No symbol) [0x00007FF71166B91C]\n\t(No symbol) [0x00007FF7116A6D87]\n\t(No symbol) [0x00007FF71168BEAF]\n\t(No symbol) [0x00007FF7116A4D02]\n\t(No symbol) [0x00007FF71168BC43]\n\t(No symbol) [0x00007FF711660941]\n\t(No symbol) [0x00007FF711661B84]\n\tGetHandleVerifier [0x00007FF711B57F52+3524194]\n\tGetHandleVerifier [0x00007FF711BAD800+3874576]\n\tGetHandleVerifier [0x00007FF711BA5D7F+3843215]\n\tGetHandleVerifier [0x00007FF7118A5086+694166]\n\t(No symbol) [0x00007FF711780A88]\n\t(No symbol) [0x00007FF71177CA94]\n\t(No symbol) [0x00007FF71177CBC2]\n\t(No symbol) [0x00007FF71176CC83]\n\tBaseThreadInitThunk [0x00007FF9623653E0+16]\n\tRtlUserThreadStart [0x00007FF96374485B+43]\n\n", "trace": "  File \"C:\\Users\\Talha Rasheed Bhatti\\IdeaProjects\\test_lab\\venv\\Lib\\site-packages\\behave\\model.py\", line 1329, in run\n    match.run(runner.context)\n  File \"C:\\Users\\Talha Rasheed Bhatti\\IdeaProjects\\test_lab\\venv\\Lib\\site-packages\\behave\\matchers.py\", line 98, in run\n    self.func(context, *args, **kwargs)\n  File \"test_case01\\features\\steps\\vcf_test.py\", line 29, in verification1\n    object_cycle2.verify_cycle1()\n  File \"C:\\Users\\Talha Rasheed Bhatti\\IdeaProjects\\test_lab\\test_case01\\features\\steps\\vcf_pom.py\", line 51, in verify_cycle1\n    ver = self.driver.find_element(By.XPATH, '//*[text()=\"cycle2\"]').text\n          ^^^^^^^^^^^^^^^^^^^^^^^^^^^^^^^^^^^^^^^^^^^^^^^^^^^^^^^^^^\n  File \"C:\\Users\\Talha Rasheed Bhatti\\IdeaProjects\\test_lab\\venv\\Lib\\site-packages\\selenium\\webdriver\\remote\\webdriver.py\", line 738, in find_element\n    return self.execute(Command.FIND_ELEMENT, {\"using\": by, \"value\": value})[\"value\"]\n           ^^^^^^^^^^^^^^^^^^^^^^^^^^^^^^^^^^^^^^^^^^^^^^^^^^^^^^^^^^^^^^^^^\n  File \"C:\\Users\\Talha Rasheed Bhatti\\IdeaProjects\\test_lab\\venv\\Lib\\site-packages\\selenium\\webdriver\\remote\\webdriver.py\", line 344, in execute\n    self.error_handler.check_response(response)\n  File \"C:\\Users\\Talha Rasheed Bhatti\\IdeaProjects\\test_lab\\venv\\Lib\\site-packages\\selenium\\webdriver\\remote\\errorhandler.py\", line 229, in check_response\n    raise exception_class(message, screen, stacktrace)\n"}, "start": 1698744348572, "stop": 1698744358606}, {"name": "And Creating second cycle by filling required fields", "status": "skipped", "start": 1698744358607, "stop": 1698744358607}, {"name": "And Verify Cycle2 is not created", "status": "skipped", "start": 1698744358607, "stop": 1698744358607}, {"name": "And Create cycle without entering name and assign to fields", "status": "skipped", "start": 1698744358607, "stop": 1698744358607}, {"name": "Then Verify User not able to create cycle", "status": "skipped", "start": 1698744358607, "stop": 1698744358607}], "start": 1698744310589, "stop": 1698744358607, "uuid": "2db75f88-758c-4662-9605-92fe33548219", "historyId": "27fe68c51b308fc33ab267b0db135c9c", "fullName": "Verify Creation of Cycle: Verify Creation of Cycle", "labels": [{"name": "severity", "value": "normal"}, {"name": "feature", "value": "Verify Creation of Cycle"}, {"name": "framework", "value": "behave"}, {"name": "language", "value": "cpython3"}]}