{"name": "Verify the screen cycle functionality", "status": "broken", "statusDetails": {"message": "selenium.common.exceptions.NoSuchElementException: Message: no such element: Unable to locate element: {\"method\":\"css selector\",\"selector\":\"[id=\"note_ifr\"]\"}\n  (Session info: chrome=118.0.5993.118); For documentation on this error, please visit: https://www.selenium.dev/documentation/webdriver/troubleshooting/errors#no-such-element-exception\nStacktrace:\n\tGetHandleVerifier [0x00007FF711808EF2+54786]\n\t(No symbol) [0x00007FF711775612]\n\t(No symbol) [0x00007FF71162A64B]\n\t(No symbol) [0x00007FF71166B79C]\n\t(No symbol) [0x00007FF71166B91C]\n\t(No symbol) [0x00007FF7116A6D87]\n\t(No symbol) [0x00007FF71168BEAF]\n\t(No symbol) [0x00007FF7116A4D02]\n\t(No symbol) [0x00007FF71168BC43]\n\t(No symbol) [0x00007FF711660941]\n\t(No symbol) [0x00007FF711661B84]\n\tGetHandleVerifier [0x00007FF711B57F52+3524194]\n\tGetHandleVerifier [0x00007FF711BAD800+3874576]\n\tGetHandleVerifier [0x00007FF711BA5D7F+3843215]\n\tGetHandleVerifier [0x00007FF7118A5086+694166]\n\t(No symbol) [0x00007FF711780A88]\n\t(No symbol) [0x00007FF71177CA94]\n\t(No symbol) [0x00007FF71177CBC2]\n\t(No symbol) [0x00007FF71176CC83]\n\tBaseThreadInitThunk [0x00007FF9623653E0+16]\n\tRtlUserThreadStart [0x00007FF96374485B+43]\n\n", "trace": "  File \"C:\\Users\\Talha Rasheed Bhatti\\IdeaProjects\\test_lab\\venv\\Lib\\site-packages\\behave\\model.py\", line 1329, in run\n    match.run(runner.context)\n  File \"C:\\Users\\Talha Rasheed Bhatti\\IdeaProjects\\test_lab\\venv\\Lib\\site-packages\\behave\\matchers.py\", line 98, in run\n    self.func(context, *args, **kwargs)\n  File \"test_case01\\features\\steps\\vcf_test.py\", line 59, in fifth_mod\n    object_cycle7.testcase1_mod5()\n  File \"C:\\Users\\Talha Rasheed Bhatti\\IdeaProjects\\test_lab\\test_case01\\features\\steps\\vcf_pom.py\", line 81, in testcase1_mod5\n    iframe_element = self.driver.find_element(By.ID, 'note_ifr')\n                     ^^^^^^^^^^^^^^^^^^^^^^^^^^^^^^^^^^^^^^^^^^^\n  File \"C:\\Users\\Talha Rasheed Bhatti\\IdeaProjects\\test_lab\\venv\\Lib\\site-packages\\selenium\\webdriver\\remote\\webdriver.py\", line 738, in find_element\n    return self.execute(Command.FIND_ELEMENT, {\"using\": by, \"value\": value})[\"value\"]\n           ^^^^^^^^^^^^^^^^^^^^^^^^^^^^^^^^^^^^^^^^^^^^^^^^^^^^^^^^^^^^^^^^^\n  File \"C:\\Users\\Talha Rasheed Bhatti\\IdeaProjects\\test_lab\\venv\\Lib\\site-packages\\selenium\\webdriver\\remote\\webdriver.py\", line 344, in execute\n    self.error_handler.check_response(response)\n  File \"C:\\Users\\Talha Rasheed Bhatti\\IdeaProjects\\test_lab\\venv\\Lib\\site-packages\\selenium\\webdriver\\remote\\errorhandler.py\", line 229, in check_response\n    raise exception_class(message, screen, stacktrace)\n"}, "steps": [{"name": "Given launch chrome and Visit Url", "status": "passed", "start": 1698744358609, "stop": 1698744360235}, {"name": "When Screen Creation by using valid login credentials", "status": "passed", "start": 1698744360235, "stop": 1698744382350}, {"name": "And Creating Cycle by filling specific fields", "status": "broken", "statusDetails": {"message": "selenium.common.exceptions.NoSuchElementException: Message: no such element: Unable to locate element: {\"method\":\"css selector\",\"selector\":\"[id=\"note_ifr\"]\"}\n  (Session info: chrome=118.0.5993.118); For documentation on this error, please visit: https://www.selenium.dev/documentation/webdriver/troubleshooting/errors#no-such-element-exception\nStacktrace:\n\tGetHandleVerifier [0x00007FF711808EF2+54786]\n\t(No symbol) [0x00007FF711775612]\n\t(No symbol) [0x00007FF71162A64B]\n\t(No symbol) [0x00007FF71166B79C]\n\t(No symbol) [0x00007FF71166B91C]\n\t(No symbol) [0x00007FF7116A6D87]\n\t(No symbol) [0x00007FF71168BEAF]\n\t(No symbol) [0x00007FF7116A4D02]\n\t(No symbol) [0x00007FF71168BC43]\n\t(No symbol) [0x00007FF711660941]\n\t(No symbol) [0x00007FF711661B84]\n\tGetHandleVerifier [0x00007FF711B57F52+3524194]\n\tGetHandleVerifier [0x00007FF711BAD800+3874576]\n\tGetHandleVerifier [0x00007FF711BA5D7F+3843215]\n\tGetHandleVerifier [0x00007FF7118A5086+694166]\n\t(No symbol) [0x00007FF711780A88]\n\t(No symbol) [0x00007FF71177CA94]\n\t(No symbol) [0x00007FF71177CBC2]\n\t(No symbol) [0x00007FF71176CC83]\n\tBaseThreadInitThunk [0x00007FF9623653E0+16]\n\tRtlUserThreadStart [0x00007FF96374485B+43]\n\n", "trace": "  File \"C:\\Users\\Talha Rasheed Bhatti\\IdeaProjects\\test_lab\\venv\\Lib\\site-packages\\behave\\model.py\", line 1329, in run\n    match.run(runner.context)\n  File \"C:\\Users\\Talha Rasheed Bhatti\\IdeaProjects\\test_lab\\venv\\Lib\\site-packages\\behave\\matchers.py\", line 98, in run\n    self.func(context, *args, **kwargs)\n  File \"test_case01\\features\\steps\\vcf_test.py\", line 59, in fifth_mod\n    object_cycle7.testcase1_mod5()\n  File \"C:\\Users\\Talha Rasheed Bhatti\\IdeaProjects\\test_lab\\test_case01\\features\\steps\\vcf_pom.py\", line 81, in testcase1_mod5\n    iframe_element = self.driver.find_element(By.ID, 'note_ifr')\n                     ^^^^^^^^^^^^^^^^^^^^^^^^^^^^^^^^^^^^^^^^^^^\n  File \"C:\\Users\\Talha Rasheed Bhatti\\IdeaProjects\\test_lab\\venv\\Lib\\site-packages\\selenium\\webdriver\\remote\\webdriver.py\", line 738, in find_element\n    return self.execute(Command.FIND_ELEMENT, {\"using\": by, \"value\": value})[\"value\"]\n           ^^^^^^^^^^^^^^^^^^^^^^^^^^^^^^^^^^^^^^^^^^^^^^^^^^^^^^^^^^^^^^^^^\n  File \"C:\\Users\\Talha Rasheed Bhatti\\IdeaProjects\\test_lab\\venv\\Lib\\site-packages\\selenium\\webdriver\\remote\\webdriver.py\", line 344, in execute\n    self.error_handler.check_response(response)\n  File \"C:\\Users\\Talha Rasheed Bhatti\\IdeaProjects\\test_lab\\venv\\Lib\\site-packages\\selenium\\webdriver\\remote\\errorhandler.py\", line 229, in check_response\n    raise exception_class(message, screen, stacktrace)\n"}, "start": 1698744382350, "stop": 1698744393505}, {"name": "And Verify Email sent to assigned user", "status": "skipped", "start": 1698744393505, "stop": 1698744393505}, {"name": "Then Verify the shown entries on cycle page", "status": "skipped", "start": 1698744393505, "stop": 1698744393505}], "start": 1698744358608, "stop": 1698744393505, "uuid": "474ecaac-5fc0-4e5c-8ca5-0c801377101f", "historyId": "b52461eb4d541930b6bce103578fef20", "fullName": "Verify Creation of Cycle: Verify the screen cycle functionality", "labels": [{"name": "severity", "value": "normal"}, {"name": "feature", "value": "Verify Creation of Cycle"}, {"name": "framework", "value": "behave"}, {"name": "language", "value": "cpython3"}]}