{"name": "Verify the copy pop up appear", "status": "broken", "statusDetails": {"message": "selenium.common.exceptions.WebDriverException: Message: disconnected: received Inspector.detached event\n  (failed to check if window was closed: disconnected: unable to send message to renderer)\n  (Session info: chrome=118.0.5993.118)\nStacktrace:\n\tGetHandleVerifier [0x00007FF711808EF2+54786]\n\t(No symbol) [0x00007FF711775612]\n\t(No symbol) [0x00007FF71162A64B]\n\t(No symbol) [0x00007FF71161A185]\n\t(No symbol) [0x00007FF711619B39]\n\t(No symbol) [0x00007FF711618B8E]\n\t(No symbol) [0x00007FF711618B33]\n\t(No symbol) [0x00007FF711618405]\n\t(No symbol) [0x00007FF711635363]\n\t(No symbol) [0x00007FF7116A4D69]\n\t(No symbol) [0x00007FF71168BC43]\n\t(No symbol) [0x00007FF711660941]\n\t(No symbol) [0x00007FF711661B84]\n\tGetHandleVerifier [0x00007FF711B57F52+3524194]\n\tGetHandleVerifier [0x00007FF711BAD800+3874576]\n\tGetHandleVerifier [0x00007FF711BA5D7F+3843215]\n\tGetHandleVerifier [0x00007FF7118A5086+694166]\n\t(No symbol) [0x00007FF711780A88]\n\t(No symbol) [0x00007FF71177CA94]\n\t(No symbol) [0x00007FF71177CBC2]\n\t(No symbol) [0x00007FF71176CC83]\n\tBaseThreadInitThunk [0x00007FF9623653E0+16]\n\tRtlUserThreadStart [0x00007FF96374485B+43]\n\n", "trace": "  File \"C:\\Users\\Talha Rasheed Bhatti\\IdeaProjects\\test_lab\\venv\\Lib\\site-packages\\behave\\model.py\", line 1329, in run\n    match.run(runner.context)\n  File \"C:\\Users\\Talha Rasheed Bhatti\\IdeaProjects\\test_lab\\venv\\Lib\\site-packages\\behave\\matchers.py\", line 98, in run\n    self.func(context, *args, **kwargs)\n  File \"test_case01\\features\\steps\\vcf_test.py\", line 17, in screen_creation\n    object_cycle.creation_screen()\n  File \"C:\\Users\\Talha Rasheed Bhatti\\IdeaProjects\\test_lab\\test_case01\\features\\steps\\vcf_pom.py\", line 27, in creation_screen\n    self.driver.get(self.base_url)\n  File \"C:\\Users\\Talha Rasheed Bhatti\\IdeaProjects\\test_lab\\venv\\Lib\\site-packages\\selenium\\webdriver\\remote\\webdriver.py\", line 353, in get\n    self.execute(Command.GET, {\"url\": url})\n  File \"C:\\Users\\Talha Rasheed Bhatti\\IdeaProjects\\test_lab\\venv\\Lib\\site-packages\\selenium\\webdriver\\remote\\webdriver.py\", line 344, in execute\n    self.error_handler.check_response(response)\n  File \"C:\\Users\\Talha Rasheed Bhatti\\IdeaProjects\\test_lab\\venv\\Lib\\site-packages\\selenium\\webdriver\\remote\\errorhandler.py\", line 229, in check_response\n    raise exception_class(message, screen, stacktrace)\n"}, "steps": [{"name": "Given launch chrome and Visit Url", "status": "passed", "start": 1698744417256, "stop": 1698744418748}, {"name": "When Screen Creation by using valid login credentials", "status": "broken", "statusDetails": {"message": "selenium.common.exceptions.WebDriverException: Message: disconnected: received Inspector.detached event\n  (failed to check if window was closed: disconnected: unable to send message to renderer)\n  (Session info: chrome=118.0.5993.118)\nStacktrace:\n\tGetHandleVerifier [0x00007FF711808EF2+54786]\n\t(No symbol) [0x00007FF711775612]\n\t(No symbol) [0x00007FF71162A64B]\n\t(No symbol) [0x00007FF71161A185]\n\t(No symbol) [0x00007FF711619B39]\n\t(No symbol) [0x00007FF711618B8E]\n\t(No symbol) [0x00007FF711618B33]\n\t(No symbol) [0x00007FF711618405]\n\t(No symbol) [0x00007FF711635363]\n\t(No symbol) [0x00007FF7116A4D69]\n\t(No symbol) [0x00007FF71168BC43]\n\t(No symbol) [0x00007FF711660941]\n\t(No symbol) [0x00007FF711661B84]\n\tGetHandleVerifier [0x00007FF711B57F52+3524194]\n\tGetHandleVerifier [0x00007FF711BAD800+3874576]\n\tGetHandleVerifier [0x00007FF711BA5D7F+3843215]\n\tGetHandleVerifier [0x00007FF7118A5086+694166]\n\t(No symbol) [0x00007FF711780A88]\n\t(No symbol) [0x00007FF71177CA94]\n\t(No symbol) [0x00007FF71177CBC2]\n\t(No symbol) [0x00007FF71176CC83]\n\tBaseThreadInitThunk [0x00007FF9623653E0+16]\n\tRtlUserThreadStart [0x00007FF96374485B+43]\n\n", "trace": "  File \"C:\\Users\\Talha Rasheed Bhatti\\IdeaProjects\\test_lab\\venv\\Lib\\site-packages\\behave\\model.py\", line 1329, in run\n    match.run(runner.context)\n  File \"C:\\Users\\Talha Rasheed Bhatti\\IdeaProjects\\test_lab\\venv\\Lib\\site-packages\\behave\\matchers.py\", line 98, in run\n    self.func(context, *args, **kwargs)\n  File \"test_case01\\features\\steps\\vcf_test.py\", line 17, in screen_creation\n    object_cycle.creation_screen()\n  File \"C:\\Users\\Talha Rasheed Bhatti\\IdeaProjects\\test_lab\\test_case01\\features\\steps\\vcf_pom.py\", line 27, in creation_screen\n    self.driver.get(self.base_url)\n  File \"C:\\Users\\Talha Rasheed Bhatti\\IdeaProjects\\test_lab\\venv\\Lib\\site-packages\\selenium\\webdriver\\remote\\webdriver.py\", line 353, in get\n    self.execute(Command.GET, {\"url\": url})\n  File \"C:\\Users\\Talha Rasheed Bhatti\\IdeaProjects\\test_lab\\venv\\Lib\\site-packages\\selenium\\webdriver\\remote\\webdriver.py\", line 344, in execute\n    self.error_handler.check_response(response)\n  File \"C:\\Users\\Talha Rasheed Bhatti\\IdeaProjects\\test_lab\\venv\\Lib\\site-packages\\selenium\\webdriver\\remote\\errorhandler.py\", line 229, in check_response\n    raise exception_class(message, screen, stacktrace)\n"}, "start": 1698744418748, "stop": 1698744419847}, {"name": "And Click on Copy button", "status": "skipped", "start": 1698744419849, "stop": 1698744419849}, {"name": "Then Verify the Pop up text", "status": "skipped", "start": 1698744419849, "stop": 1698744419849}], "start": 1698744417256, "stop": 1698744419849, "uuid": "c3e18670-c973-45fb-8af6-5f813cf547ca", "historyId": "a04e22a987b2dfc4ddd18526d23868bb", "fullName": "Verify Creation of Cycle: Verify the copy pop up appear", "labels": [{"name": "severity", "value": "normal"}, {"name": "feature", "value": "Verify Creation of Cycle"}, {"name": "framework", "value": "behave"}, {"name": "language", "value": "cpython3"}]}