{"name": "Verify the Pagination functionality", "status": "broken", "statusDetails": {"message": "selenium.common.exceptions.NoSuchWindowException: Message: no such window: target window already closed\nfrom unknown error: web view not found\n  (Session info: chrome=118.0.5993.118)\nStacktrace:\n\tGetHandleVerifier [0x00007FF711808EF2+54786]\n\t(No symbol) [0x00007FF711775612]\n\t(No symbol) [0x00007FF71162A64B]\n\t(No symbol) [0x00007FF71160A9F5]\n\t(No symbol) [0x00007FF711690887]\n\t(No symbol) [0x00007FF7116A43CF]\n\t(No symbol) [0x00007FF71168BC43]\n\t(No symbol) [0x00007FF711660941]\n\t(No symbol) [0x00007FF711661B84]\n\tGetHandleVerifier [0x00007FF711B57F52+3524194]\n\tGetHandleVerifier [0x00007FF711BAD800+3874576]\n\tGetHandleVerifier [0x00007FF711BA5D7F+3843215]\n\tGetHandleVerifier [0x00007FF7118A5086+694166]\n\t(No symbol) [0x00007FF711780A88]\n\t(No symbol) [0x00007FF71177CA94]\n\t(No symbol) [0x00007FF71177CBC2]\n\t(No symbol) [0x00007FF71176CC83]\n\tBaseThreadInitThunk [0x00007FF9623653E0+16]\n\tRtlUserThreadStart [0x00007FF96374485B+43]\n\n", "trace": "  File \"C:\\Users\\Talha Rasheed Bhatti\\IdeaProjects\\test_lab\\venv\\Lib\\site-packages\\behave\\model.py\", line 1329, in run\n    match.run(runner.context)\n  File \"C:\\Users\\Talha Rasheed Bhatti\\IdeaProjects\\test_lab\\venv\\Lib\\site-packages\\behave\\matchers.py\", line 98, in run\n    self.func(context, *args, **kwargs)\n  File \"test_case01\\features\\steps\\vcf_test.py\", line 17, in screen_creation\n    object_cycle.creation_screen()\n  File \"C:\\Users\\Talha Rasheed Bhatti\\IdeaProjects\\test_lab\\test_case01\\features\\steps\\vcf_pom.py\", line 28, in creation_screen\n    self.driver.find_element(By.ID, 'email_id').send_keys(self.username)\n    ^^^^^^^^^^^^^^^^^^^^^^^^^^^^^^^^^^^^^^^^^^^\n  File \"C:\\Users\\Talha Rasheed Bhatti\\IdeaProjects\\test_lab\\venv\\Lib\\site-packages\\selenium\\webdriver\\remote\\webdriver.py\", line 738, in find_element\n    return self.execute(Command.FIND_ELEMENT, {\"using\": by, \"value\": value})[\"value\"]\n           ^^^^^^^^^^^^^^^^^^^^^^^^^^^^^^^^^^^^^^^^^^^^^^^^^^^^^^^^^^^^^^^^^\n  File \"C:\\Users\\Talha Rasheed Bhatti\\IdeaProjects\\test_lab\\venv\\Lib\\site-packages\\selenium\\webdriver\\remote\\webdriver.py\", line 344, in execute\n    self.error_handler.check_response(response)\n  File \"C:\\Users\\Talha Rasheed Bhatti\\IdeaProjects\\test_lab\\venv\\Lib\\site-packages\\selenium\\webdriver\\remote\\errorhandler.py\", line 229, in check_response\n    raise exception_class(message, screen, stacktrace)\n"}, "steps": [{"name": "Given launch chrome and Visit Url", "status": "passed", "start": 1698744425478, "stop": 1698744427143}, {"name": "When Screen Creation by using valid login credentials", "status": "broken", "statusDetails": {"message": "selenium.common.exceptions.NoSuchWindowException: Message: no such window: target window already closed\nfrom unknown error: web view not found\n  (Session info: chrome=118.0.5993.118)\nStacktrace:\n\tGetHandleVerifier [0x00007FF711808EF2+54786]\n\t(No symbol) [0x00007FF711775612]\n\t(No symbol) [0x00007FF71162A64B]\n\t(No symbol) [0x00007FF71160A9F5]\n\t(No symbol) [0x00007FF711690887]\n\t(No symbol) [0x00007FF7116A43CF]\n\t(No symbol) [0x00007FF71168BC43]\n\t(No symbol) [0x00007FF711660941]\n\t(No symbol) [0x00007FF711661B84]\n\tGetHandleVerifier [0x00007FF711B57F52+3524194]\n\tGetHandleVerifier [0x00007FF711BAD800+3874576]\n\tGetHandleVerifier [0x00007FF711BA5D7F+3843215]\n\tGetHandleVerifier [0x00007FF7118A5086+694166]\n\t(No symbol) [0x00007FF711780A88]\n\t(No symbol) [0x00007FF71177CA94]\n\t(No symbol) [0x00007FF71177CBC2]\n\t(No symbol) [0x00007FF71176CC83]\n\tBaseThreadInitThunk [0x00007FF9623653E0+16]\n\tRtlUserThreadStart [0x00007FF96374485B+43]\n\n", "trace": "  File \"C:\\Users\\Talha Rasheed Bhatti\\IdeaProjects\\test_lab\\venv\\Lib\\site-packages\\behave\\model.py\", line 1329, in run\n    match.run(runner.context)\n  File \"C:\\Users\\Talha Rasheed Bhatti\\IdeaProjects\\test_lab\\venv\\Lib\\site-packages\\behave\\matchers.py\", line 98, in run\n    self.func(context, *args, **kwargs)\n  File \"test_case01\\features\\steps\\vcf_test.py\", line 17, in screen_creation\n    object_cycle.creation_screen()\n  File \"C:\\Users\\Talha Rasheed Bhatti\\IdeaProjects\\test_lab\\test_case01\\features\\steps\\vcf_pom.py\", line 28, in creation_screen\n    self.driver.find_element(By.ID, 'email_id').send_keys(self.username)\n    ^^^^^^^^^^^^^^^^^^^^^^^^^^^^^^^^^^^^^^^^^^^\n  File \"C:\\Users\\Talha Rasheed Bhatti\\IdeaProjects\\test_lab\\venv\\Lib\\site-packages\\selenium\\webdriver\\remote\\webdriver.py\", line 738, in find_element\n    return self.execute(Command.FIND_ELEMENT, {\"using\": by, \"value\": value})[\"value\"]\n           ^^^^^^^^^^^^^^^^^^^^^^^^^^^^^^^^^^^^^^^^^^^^^^^^^^^^^^^^^^^^^^^^^\n  File \"C:\\Users\\Talha Rasheed Bhatti\\IdeaProjects\\test_lab\\venv\\Lib\\site-packages\\selenium\\webdriver\\remote\\webdriver.py\", line 344, in execute\n    self.error_handler.check_response(response)\n  File \"C:\\Users\\Talha Rasheed Bhatti\\IdeaProjects\\test_lab\\venv\\Lib\\site-packages\\selenium\\webdriver\\remote\\errorhandler.py\", line 229, in check_response\n    raise exception_class(message, screen, stacktrace)\n"}, "start": 1698744427144, "stop": 1698744428076}, {"name": "Then Varify Pagination button", "status": "skipped", "start": 1698744428076, "stop": 1698744428076}], "start": 1698744425478, "stop": 1698744428076, "uuid": "75e0dae4-906d-4652-a2bb-9be883e41177", "historyId": "661a639693eaa72157f6c8e1c2a4e8c3", "fullName": "Verify Creation of Cycle: Verify the Pagination functionality", "labels": [{"name": "severity", "value": "normal"}, {"name": "feature", "value": "Verify Creation of Cycle"}, {"name": "framework", "value": "behave"}, {"name": "language", "value": "cpython3"}]}